/sw/bioinfo/quast/5.0.2/snowy/bin/quast.py /home/erikali/Genome_analysis_VT23/analyses/01_DNA_ass/canu_out/LFerriphilum.contigs.fasta -R /home/erikali/Genome_analysis_VT23/data/raw_data/reference/OBMB01.fasta --min-contig 50000 -o /home/erikali/Genome_analysis_VT23/analyses/01_DNA_ass/quast_out/out_again

Version: 5.0.2

System information:
  OS: Linux-3.10.0-1160.88.1.el7.x86_64-x86_64-with-centos-7.9.2009-Core (linux_64)
  Python version: 3.7.2
  CPUs number: 16

Started: 2023-05-09 16:02:29

Logging to /home/erikali/Genome_analysis_VT23/analyses/01_DNA_ass/quast_out/out_again/quast.log
NOTICE: Output directory already exists and looks like a QUAST output dir. Existing results can be reused (e.g. previously generated alignments)!
NOTICE: Maximum number of threads is set to 4 (use --threads option to set it manually)

CWD: /domus/h1/erikali/Genome_analysis_VT23/code
Main parameters: 
  MODE: default, threads: 4, minimum contig length: 50000, minimum alignment length: 65, \
  ambiguity: one, threshold for extensive misassembly size: 1000

Reference:
  /home/erikali/Genome_analysis_VT23/data/raw_data/reference/OBMB01.fasta ==> OBMB01

Contigs:
  Pre-processing...
  /home/erikali/Genome_analysis_VT23/analyses/01_DNA_ass/canu_out/LFerriphilum.contigs.fasta ==> LFerriphilum.contigs

2023-05-09 16:02:31
Running Basic statistics processor...
  Reference genome:
    OBMB01.fasta, length = 2610531, num fragments = 2, GC % = 54.14
  Contig files: 
    LFerriphilum.contigs
  Calculating N50 and L50...
    LFerriphilum.contigs, N50 = 2565990, L50 = 1, Total length = 2565990, GC % = 54.22, # N's per 100 kbp =  0.00
  Drawing Nx plot...
    saved to /home/erikali/Genome_analysis_VT23/analyses/01_DNA_ass/quast_out/out_again/basic_stats/Nx_plot.pdf
  Drawing NGx plot...
    saved to /home/erikali/Genome_analysis_VT23/analyses/01_DNA_ass/quast_out/out_again/basic_stats/NGx_plot.pdf
  Drawing cumulative plot...
    saved to /home/erikali/Genome_analysis_VT23/analyses/01_DNA_ass/quast_out/out_again/basic_stats/cumulative_plot.pdf
  Drawing GC content plot...
    saved to /home/erikali/Genome_analysis_VT23/analyses/01_DNA_ass/quast_out/out_again/basic_stats/GC_content_plot.pdf
  Drawing LFerriphilum.contigs GC content plot...
    saved to /home/erikali/Genome_analysis_VT23/analyses/01_DNA_ass/quast_out/out_again/basic_stats/LFerriphilum.contigs_GC_content_plot.pdf
Done.

2023-05-09 16:02:33
Running Contig analyzer...
  LFerriphilum.contigs
  Logging to files /home/erikali/Genome_analysis_VT23/analyses/01_DNA_ass/quast_out/out_again/contigs_reports/contigs_report_LFerriphilum-contigs.stdout and contigs_report_LFerriphilum-contigs.stderr...
  Using existing alignments... 
  Analysis is finished.

  Creating total report...
    saved to /home/erikali/Genome_analysis_VT23/analyses/01_DNA_ass/quast_out/out_again/contigs_reports/misassemblies_report.txt, misassemblies_report.tsv, and misassemblies_report.tex
  Transposed version of total report...
    saved to /home/erikali/Genome_analysis_VT23/analyses/01_DNA_ass/quast_out/out_again/contigs_reports/transposed_report_misassemblies.txt, transposed_report_misassemblies.tsv, and transposed_report_misassemblies.tex
  Creating total report...
    saved to /home/erikali/Genome_analysis_VT23/analyses/01_DNA_ass/quast_out/out_again/contigs_reports/unaligned_report.txt, unaligned_report.tsv, and unaligned_report.tex
  Drawing misassemblies by types plot...
    saved to /home/erikali/Genome_analysis_VT23/analyses/01_DNA_ass/quast_out/out_again/contigs_reports/misassemblies_plot.pdf
  Drawing misassemblies FRCurve plot...
    saved to /home/erikali/Genome_analysis_VT23/analyses/01_DNA_ass/quast_out/out_again/contigs_reports/misassemblies_frcurve_plot.pdf
Done.

2023-05-09 16:02:34
Running NA-NGA calculation...
  LFerriphilum.contigs, Largest alignment = 1571665, NA50 = 1571665, NGA50 = 1571665, LA50 = 1, LGA50 = 1
  Drawing cumulative plot...
    saved to /home/erikali/Genome_analysis_VT23/analyses/01_DNA_ass/quast_out/out_again/aligned_stats/cumulative_plot.pdf
  Drawing NAx plot...
    saved to /home/erikali/Genome_analysis_VT23/analyses/01_DNA_ass/quast_out/out_again/aligned_stats/NAx_plot.pdf
  Drawing NGAx plot...
    saved to /home/erikali/Genome_analysis_VT23/analyses/01_DNA_ass/quast_out/out_again/aligned_stats/NGAx_plot.pdf
Done.

2023-05-09 16:02:35
Running Genome analyzer...
  NOTICE: No file with genomic features were provided. Use the --features option if you want to specify it.

  NOTICE: No file with operons were provided. Use the -O option if you want to specify it.
  LFerriphilum.contigs
  Analysis is finished.
  Skipping drawing Genome fraction, % histogram... (less than 2 columns histogram makes no sense)
Done.

NOTICE: Genes are not predicted by default. Use --gene-finding or --glimmer option to enable it.

2023-05-09 16:02:36
Creating large visual summaries...
This may take a while: press Ctrl-C to skip this step..
  1 of 2: Creating Icarus viewers...
  2 of 2: Creating PDF with all tables and plots...
Done

2023-05-09 16:02:38
RESULTS:
  Text versions of total report are saved to /home/erikali/Genome_analysis_VT23/analyses/01_DNA_ass/quast_out/out_again/report.txt, report.tsv, and report.tex
  Text versions of transposed total report are saved to /home/erikali/Genome_analysis_VT23/analyses/01_DNA_ass/quast_out/out_again/transposed_report.txt, transposed_report.tsv, and transposed_report.tex
  HTML version (interactive tables and plots) is saved to /home/erikali/Genome_analysis_VT23/analyses/01_DNA_ass/quast_out/out_again/report.html
  PDF version (tables and plots) is saved to /home/erikali/Genome_analysis_VT23/analyses/01_DNA_ass/quast_out/out_again/report.pdf
  Icarus (contig browser) is saved to /home/erikali/Genome_analysis_VT23/analyses/01_DNA_ass/quast_out/out_again/icarus.html
  Log is saved to /home/erikali/Genome_analysis_VT23/analyses/01_DNA_ass/quast_out/out_again/quast.log

Finished: 2023-05-09 16:02:38
Elapsed time: 0:00:08.960432
NOTICEs: 5; WARNINGs: 0; non-fatal ERRORs: 0

Thank you for using QUAST!
